-------------------------------------------------------------------------------
>Log Session: Thursday, March 5, 2020 at 8:49:32 AM Central European Standard Time
>System Info: 
  Product Version         = AsteroidsNetbeansModuleApplication incubator-netbeans-release-404-on-20190319
  Operating System        = Windows 10 version 10.0 running on amd64
  Java; VM; Vendor        = 10.0.2; Java HotSpot(TM) 64-Bit Server VM 10.0.2+13; Oracle Corporation
  Runtime                 = Java(TM) SE Runtime Environment 10.0.2+13
  Java Home               = C:\Program Files\Java\jdk-10.0.2
  System Locale; Encoding = en_GB (asteroidsnetbeansmoduleapplication); Cp1252
  Home Directory          = C:\Users\Peterzxcvbnm
  Current Directory       = C:\Users\Peterzxcvbnm\Documents\GitHub\SB4-KOM-F20\AsteroidsNetbeansModuleApplication\application\target\asteroidsnetbeansmoduleapplication
  User Directory          = C:\Users\Peterzxcvbnm\Documents\GitHub\SB4-KOM-F20\AsteroidsNetbeansModuleApplication\application\target\userdir
  Cache Directory         = C:\Users\Peterzxcvbnm\Documents\GitHub\SB4-KOM-F20\AsteroidsNetbeansModuleApplication\application\target\userdir\var\cache
  Installation            = C:\Users\Peterzxcvbnm\Documents\GitHub\SB4-KOM-F20\AsteroidsNetbeansModuleApplication\application\target\asteroidsnetbeansmoduleapplication\asteroidsnetbeansmoduleapplication
                            C:\Users\Peterzxcvbnm\Documents\GitHub\SB4-KOM-F20\AsteroidsNetbeansModuleApplication\application\target\asteroidsnetbeansmoduleapplication\bin
                            C:\Users\Peterzxcvbnm\Documents\GitHub\SB4-KOM-F20\AsteroidsNetbeansModuleApplication\application\target\asteroidsnetbeansmoduleapplication\etc
                            C:\Users\Peterzxcvbnm\Documents\GitHub\SB4-KOM-F20\AsteroidsNetbeansModuleApplication\application\target\asteroidsnetbeansmoduleapplication\platform
                            C:\Users\Peterzxcvbnm\Documents\GitHub\SB4-KOM-F20\AsteroidsNetbeansModuleApplication\application\target\asteroidsnetbeansmoduleapplication\platform
  Boot & Ext. Classpath   = 
  Application Classpath   = C:\Users\Peterzxcvbnm\Documents\GitHub\SB4-KOM-F20\AsteroidsNetbeansModuleApplication\application\target\asteroidsnetbeansmoduleapplication\platform\lib\boot.jar;C:\Users\Peterzxcvbnm\Documents\GitHub\SB4-KOM-F20\AsteroidsNetbeansModuleApplication\application\target\asteroidsnetbeansmoduleapplication\platform\lib\org-openide-modules.jar;C:\Users\Peterzxcvbnm\Documents\GitHub\SB4-KOM-F20\AsteroidsNetbeansModuleApplication\application\target\asteroidsnetbeansmoduleapplication\platform\lib\org-openide-util-lookup.jar;C:\Users\Peterzxcvbnm\Documents\GitHub\SB4-KOM-F20\AsteroidsNetbeansModuleApplication\application\target\asteroidsnetbeansmoduleapplication\platform\lib\org-openide-util-ui.jar;C:\Users\Peterzxcvbnm\Documents\GitHub\SB4-KOM-F20\AsteroidsNetbeansModuleApplication\application\target\asteroidsnetbeansmoduleapplication\platform\lib\org-openide-util.jar
  Startup Classpath       = C:\Users\Peterzxcvbnm\Documents\GitHub\SB4-KOM-F20\AsteroidsNetbeansModuleApplication\application\target\asteroidsnetbeansmoduleapplication\platform\core\asm-all-5.0.1.jar;C:\Users\Peterzxcvbnm\Documents\GitHub\SB4-KOM-F20\AsteroidsNetbeansModuleApplication\application\target\asteroidsnetbeansmoduleapplication\platform\core\core-base.jar;C:\Users\Peterzxcvbnm\Documents\GitHub\SB4-KOM-F20\AsteroidsNetbeansModuleApplication\application\target\asteroidsnetbeansmoduleapplication\platform\core\core.jar;C:\Users\Peterzxcvbnm\Documents\GitHub\SB4-KOM-F20\AsteroidsNetbeansModuleApplication\application\target\asteroidsnetbeansmoduleapplication\platform\core\org-netbeans-libs-asm.jar;C:\Users\Peterzxcvbnm\Documents\GitHub\SB4-KOM-F20\AsteroidsNetbeansModuleApplication\application\target\asteroidsnetbeansmoduleapplication\platform\core\org-openide-filesystems.jar;C:\Users\Peterzxcvbnm\Documents\GitHub\SB4-KOM-F20\AsteroidsNetbeansModuleApplication\application\target\asteroidsnetbeansmoduleapplication\asteroidsnetbeansmoduleapplication\core\locale\core_asteroidsnetbeansmoduleapplication.jar
-------------------------------------------------------------------------------
INFO [org.netbeans.core.startup.NbEvents]: Turning on modules:
	org.openide.util.lookup [8.37.1 incubator-netbeans-release-404-on-20190319]
	org.openide.util [9.11.1 incubator-netbeans-release-404-on-20190319]
	org.openide.util.ui [9.12.1 incubator-netbeans-release-404-on-20190319]
	org.openide.modules [7.52.1 incubator-netbeans-release-404-on-20190319]
	org.netbeans.api.annotations.common/1 [1.31.1 incubator-netbeans-release-404-on-20190319]
	org.openide.filesystems [9.14.1 incubator-netbeans-release-404-on-20190319]
	org.netbeans.api.intent [1.6.1 incubator-netbeans-release-404-on-20190319]
	org.netbeans.api.io [1.7.1 incubator-netbeans-release-404-on-20190319]
	org.openide.io [1.53.1 incubator-netbeans-release-404-on-20190319]
	org.openide.awt [7.72.1 incubator-netbeans-release-404-on-20190319]
	org.netbeans.api.progress/1 [1.51.1 incubator-netbeans-release-404-on-20190319]
	org.netbeans.libs.asm [5.7.1 incubator-netbeans-release-404-on-20190319]
	org.netbeans.bootstrap/1 [2.82.1 incubator-netbeans-release-404-on-20190319]
	org.netbeans.core.startup.base [1.66.1.1 1 incubator-netbeans-release-404-on-20190319]
	org.netbeans.core.startup/1 [1.66.1.1 incubator-netbeans-release-404-on-20190319]
	org.netbeans.api.progress.nb [1.51.1 incubator-netbeans-release-404-on-20190319]
	org.netbeans.modules.autoupdate.services [1.57.1 incubator-netbeans-release-404-on-20190319]
	dk.sdu.mmmi.cbse.SilentUpdate [1.0 1.0-20200305 202003050740]
	dk.sdu.mmmi.cbse.AsteroidsNetbeansModuleApplication.branding [1.0 1.0-20200305 202003050731]
INFO [org.netbeans.modules.autoupdate.silentupdate]: Update found: Enemy[dk.sdu.mmmi.cbse.Enemy/1.0]
INFO [org.netbeans.modules.autoupdate.silentupdate]: Update found: Asteroid[dk.sdu.mmmi.cbse.Asteroid/1.0]
INFO [org.netbeans.modules.autoupdate.silentupdate]: Update found: Common[dk.sdu.mmmi.cbse.Common/1.0]
INFO [org.netbeans.modules.autoupdate.silentupdate]: Update found: Player[dk.sdu.mmmi.cbse.Player/1.0]
INFO [org.netbeans.modules.autoupdate.silentupdate]: Update found: Bullet[dk.sdu.mmmi.cbse.Bullet/1.0]
INFO [org.netbeans.modules.autoupdate.silentupdate]: Update found: Core[dk.sdu.mmmi.cbse.Core/1.0]
INFO [org.netbeans.modules.autoupdate.silentupdate]: Update found: CollisionHandler[dk.sdu.mmmi.cbse.CollisionHandler/1.0]
INFO [org.netbeans.modules.autoupdate.services.InstallManager]: C:\Users\Peterzxcvbnm\Documents\GitHub\SB4-KOM-F20\AsteroidsNetbeansModuleApplication\application\target\userdir will be used as target cluster
INFO [null]: Last record repeated again.
INFO [org.netbeans.updater]: 780: Unpacking dk-sdu-mmmi-cbse-Bullet.nbm
INFO [org.netbeans.updater]: File installed C:\Users\Peterzxcvbnm\Documents\GitHub\SB4-KOM-F20\AsteroidsNetbeansModuleApplication\application\target\asteroidsnetbeansmoduleapplication\asteroidsnetbeansmoduleapplication\config\Modules\dk-sdu-mmmi-cbse-Bullet.xml@0
INFO [org.netbeans.updater]: Copied file C:\Users\Peterzxcvbnm\Documents\GitHub\SB4-KOM-F20\AsteroidsNetbeansModuleApplication\application\target\asteroidsnetbeansmoduleapplication\asteroidsnetbeansmoduleapplication\update\download\dk-sdu-mmmi-cbse-Bullet.nbm:netbeans/config/Modules/dk-sdu-mmmi-cbse-Bullet.xml to C:\Users\Peterzxcvbnm\Documents\GitHub\SB4-KOM-F20\AsteroidsNetbeansModuleApplication\application\target\asteroidsnetbeansmoduleapplication\asteroidsnetbeansmoduleapplication\config\Modules\dk-sdu-mmmi-cbse-Bullet.xml
INFO [org.netbeans.updater]: File installed C:\Users\Peterzxcvbnm\Documents\GitHub\SB4-KOM-F20\AsteroidsNetbeansModuleApplication\application\target\asteroidsnetbeansmoduleapplication\asteroidsnetbeansmoduleapplication\modules\dk-sdu-mmmi-cbse-Bullet.jar@0
INFO [org.netbeans.updater]: Copied file C:\Users\Peterzxcvbnm\Documents\GitHub\SB4-KOM-F20\AsteroidsNetbeansModuleApplication\application\target\asteroidsnetbeansmoduleapplication\asteroidsnetbeansmoduleapplication\update\download\dk-sdu-mmmi-cbse-Bullet.nbm:netbeans/modules/dk-sdu-mmmi-cbse-Bullet.jar to C:\Users\Peterzxcvbnm\Documents\GitHub\SB4-KOM-F20\AsteroidsNetbeansModuleApplication\application\target\asteroidsnetbeansmoduleapplication\asteroidsnetbeansmoduleapplication\modules\dk-sdu-mmmi-cbse-Bullet.jar
INFO [org.netbeans.updater]: File C:\Users\Peterzxcvbnm\Documents\GitHub\SB4-KOM-F20\AsteroidsNetbeansModuleApplication\application\target\asteroidsnetbeansmoduleapplication\asteroidsnetbeansmoduleapplication\update\download\dk-sdu-mmmi-cbse-Bullet.nbm deleted.
INFO [org.netbeans.updater]: Use XML Transformer: com.sun.org.apache.xalan.internal.xsltc.trax.TransformerImpl@6d45bfb6
INFO [org.netbeans.updater]: File C:\Users\Peterzxcvbnm\Documents\GitHub\SB4-KOM-F20\AsteroidsNetbeansModuleApplication\application\target\asteroidsnetbeansmoduleapplication\asteroidsnetbeansmoduleapplication\update_tracking\dk-sdu-mmmi-cbse-Bullet.xml modified.
INFO [org.netbeans.updater]: File installed C:\Users\Peterzxcvbnm\Documents\GitHub\SB4-KOM-F20\AsteroidsNetbeansModuleApplication\application\target\asteroidsnetbeansmoduleapplication\asteroidsnetbeansmoduleapplication\update_tracking\dk-sdu-mmmi-cbse-Bullet.xml@0
INFO [org.netbeans.updater]: 780: Unpacking dk-sdu-mmmi-cbse-Core.nbm
INFO [org.netbeans.updater]: File installed C:\Users\Peterzxcvbnm\Documents\GitHub\SB4-KOM-F20\AsteroidsNetbeansModuleApplication\application\target\asteroidsnetbeansmoduleapplication\asteroidsnetbeansmoduleapplication\config\Modules\dk-sdu-mmmi-cbse-Core.xml@0
INFO [org.netbeans.updater]: Copied file C:\Users\Peterzxcvbnm\Documents\GitHub\SB4-KOM-F20\AsteroidsNetbeansModuleApplication\application\target\asteroidsnetbeansmoduleapplication\asteroidsnetbeansmoduleapplication\update\download\dk-sdu-mmmi-cbse-Core.nbm:netbeans/config/Modules/dk-sdu-mmmi-cbse-Core.xml to C:\Users\Peterzxcvbnm\Documents\GitHub\SB4-KOM-F20\AsteroidsNetbeansModuleApplication\application\target\asteroidsnetbeansmoduleapplication\asteroidsnetbeansmoduleapplication\config\Modules\dk-sdu-mmmi-cbse-Core.xml
INFO [org.netbeans.updater]: File installed C:\Users\Peterzxcvbnm\Documents\GitHub\SB4-KOM-F20\AsteroidsNetbeansModuleApplication\application\target\asteroidsnetbeansmoduleapplication\asteroidsnetbeansmoduleapplication\modules\dk-sdu-mmmi-cbse-Core.jar@0
INFO [org.netbeans.updater]: Copied file C:\Users\Peterzxcvbnm\Documents\GitHub\SB4-KOM-F20\AsteroidsNetbeansModuleApplication\application\target\asteroidsnetbeansmoduleapplication\asteroidsnetbeansmoduleapplication\update\download\dk-sdu-mmmi-cbse-Core.nbm:netbeans/modules/dk-sdu-mmmi-cbse-Core.jar to C:\Users\Peterzxcvbnm\Documents\GitHub\SB4-KOM-F20\AsteroidsNetbeansModuleApplication\application\target\asteroidsnetbeansmoduleapplication\asteroidsnetbeansmoduleapplication\modules\dk-sdu-mmmi-cbse-Core.jar
INFO [org.netbeans.updater]: File installed C:\Users\Peterzxcvbnm\Documents\GitHub\SB4-KOM-F20\AsteroidsNetbeansModuleApplication\application\target\asteroidsnetbeansmoduleapplication\asteroidsnetbeansmoduleapplication\modules\ext\dk.sdu.mmmi.cbse.Core\com-badlogicgames-gdx\gdx-backend-lwjgl.jar@0
INFO [org.netbeans.updater]: Copied file C:\Users\Peterzxcvbnm\Documents\GitHub\SB4-KOM-F20\AsteroidsNetbeansModuleApplication\application\target\asteroidsnetbeansmoduleapplication\asteroidsnetbeansmoduleapplication\update\download\dk-sdu-mmmi-cbse-Core.nbm:netbeans/modules/ext/dk.sdu.mmmi.cbse.Core/com-badlogicgames-gdx/gdx-backend-lwjgl.jar to C:\Users\Peterzxcvbnm\Documents\GitHub\SB4-KOM-F20\AsteroidsNetbeansModuleApplication\application\target\asteroidsnetbeansmoduleapplication\asteroidsnetbeansmoduleapplication\modules\ext\dk.sdu.mmmi.cbse.Core\com-badlogicgames-gdx\gdx-backend-lwjgl.jar
INFO [org.netbeans.updater]: File installed C:\Users\Peterzxcvbnm\Documents\GitHub\SB4-KOM-F20\AsteroidsNetbeansModuleApplication\application\target\asteroidsnetbeansmoduleapplication\asteroidsnetbeansmoduleapplication\modules\ext\dk.sdu.mmmi.cbse.Core\com-badlogicgames-gdx\gdx-box2d-platform-natives-desktop.jar@0
INFO [org.netbeans.updater]: Copied file C:\Users\Peterzxcvbnm\Documents\GitHub\SB4-KOM-F20\AsteroidsNetbeansModuleApplication\application\target\asteroidsnetbeansmoduleapplication\asteroidsnetbeansmoduleapplication\update\download\dk-sdu-mmmi-cbse-Core.nbm:netbeans/modules/ext/dk.sdu.mmmi.cbse.Core/com-badlogicgames-gdx/gdx-box2d-platform-natives-desktop.jar to C:\Users\Peterzxcvbnm\Documents\GitHub\SB4-KOM-F20\AsteroidsNetbeansModuleApplication\application\target\asteroidsnetbeansmoduleapplication\asteroidsnetbeansmoduleapplication\modules\ext\dk.sdu.mmmi.cbse.Core\com-badlogicgames-gdx\gdx-box2d-platform-natives-desktop.jar
INFO [org.netbeans.updater]: File installed C:\Users\Peterzxcvbnm\Documents\GitHub\SB4-KOM-F20\AsteroidsNetbeansModuleApplication\application\target\asteroidsnetbeansmoduleapplication\asteroidsnetbeansmoduleapplication\modules\ext\dk.sdu.mmmi.cbse.Core\com-badlogicgames-gdx\gdx-box2d.jar@0
INFO [org.netbeans.updater]: Copied file C:\Users\Peterzxcvbnm\Documents\GitHub\SB4-KOM-F20\AsteroidsNetbeansModuleApplication\application\target\asteroidsnetbeansmoduleapplication\asteroidsnetbeansmoduleapplication\update\download\dk-sdu-mmmi-cbse-Core.nbm:netbeans/modules/ext/dk.sdu.mmmi.cbse.Core/com-badlogicgames-gdx/gdx-box2d.jar to C:\Users\Peterzxcvbnm\Documents\GitHub\SB4-KOM-F20\AsteroidsNetbeansModuleApplication\application\target\asteroidsnetbeansmoduleapplication\asteroidsnetbeansmoduleapplication\modules\ext\dk.sdu.mmmi.cbse.Core\com-badlogicgames-gdx\gdx-box2d.jar
INFO [org.netbeans.updater]: File installed C:\Users\Peterzxcvbnm\Documents\GitHub\SB4-KOM-F20\AsteroidsNetbeansModuleApplication\application\target\asteroidsnetbeansmoduleapplication\asteroidsnetbeansmoduleapplication\modules\ext\dk.sdu.mmmi.cbse.Core\com-badlogicgames-gdx\gdx-freetype-platform-natives-desktop.jar@0
INFO [org.netbeans.updater]: Copied file C:\Users\Peterzxcvbnm\Documents\GitHub\SB4-KOM-F20\AsteroidsNetbeansModuleApplication\application\target\asteroidsnetbeansmoduleapplication\asteroidsnetbeansmoduleapplication\update\download\dk-sdu-mmmi-cbse-Core.nbm:netbeans/modules/ext/dk.sdu.mmmi.cbse.Core/com-badlogicgames-gdx/gdx-freetype-platform-natives-desktop.jar to C:\Users\Peterzxcvbnm\Documents\GitHub\SB4-KOM-F20\AsteroidsNetbeansModuleApplication\application\target\asteroidsnetbeansmoduleapplication\asteroidsnetbeansmoduleapplication\modules\ext\dk.sdu.mmmi.cbse.Core\com-badlogicgames-gdx\gdx-freetype-platform-natives-desktop.jar
INFO [org.netbeans.updater]: File installed C:\Users\Peterzxcvbnm\Documents\GitHub\SB4-KOM-F20\AsteroidsNetbeansModuleApplication\application\target\asteroidsnetbeansmoduleapplication\asteroidsnetbeansmoduleapplication\modules\ext\dk.sdu.mmmi.cbse.Core\com-badlogicgames-gdx\gdx-freetype.jar@0
INFO [org.netbeans.updater]: Copied file C:\Users\Peterzxcvbnm\Documents\GitHub\SB4-KOM-F20\AsteroidsNetbeansModuleApplication\application\target\asteroidsnetbeansmoduleapplication\asteroidsnetbeansmoduleapplication\update\download\dk-sdu-mmmi-cbse-Core.nbm:netbeans/modules/ext/dk.sdu.mmmi.cbse.Core/com-badlogicgames-gdx/gdx-freetype.jar to C:\Users\Peterzxcvbnm\Documents\GitHub\SB4-KOM-F20\AsteroidsNetbeansModuleApplication\application\target\asteroidsnetbeansmoduleapplication\asteroidsnetbeansmoduleapplication\modules\ext\dk.sdu.mmmi.cbse.Core\com-badlogicgames-gdx\gdx-freetype.jar
INFO [org.netbeans.updater]: File installed C:\Users\Peterzxcvbnm\Documents\GitHub\SB4-KOM-F20\AsteroidsNetbeansModuleApplication\application\target\asteroidsnetbeansmoduleapplication\asteroidsnetbeansmoduleapplication\modules\ext\dk.sdu.mmmi.cbse.Core\com-badlogicgames-gdx\gdx-platform-natives-desktop.jar@0
INFO [org.netbeans.updater]: Copied file C:\Users\Peterzxcvbnm\Documents\GitHub\SB4-KOM-F20\AsteroidsNetbeansModuleApplication\application\target\asteroidsnetbeansmoduleapplication\asteroidsnetbeansmoduleapplication\update\download\dk-sdu-mmmi-cbse-Core.nbm:netbeans/modules/ext/dk.sdu.mmmi.cbse.Core/com-badlogicgames-gdx/gdx-platform-natives-desktop.jar to C:\Users\Peterzxcvbnm\Documents\GitHub\SB4-KOM-F20\AsteroidsNetbeansModuleApplication\application\target\asteroidsnetbeansmoduleapplication\asteroidsnetbeansmoduleapplication\modules\ext\dk.sdu.mmmi.cbse.Core\com-badlogicgames-gdx\gdx-platform-natives-desktop.jar
INFO [org.netbeans.updater]: File installed C:\Users\Peterzxcvbnm\Documents\GitHub\SB4-KOM-F20\AsteroidsNetbeansModuleApplication\application\target\asteroidsnetbeansmoduleapplication\asteroidsnetbeansmoduleapplication\modules\ext\dk.sdu.mmmi.cbse.Core\com-badlogicgames-gdx\gdx.jar@0
INFO [org.netbeans.updater]: Copied file C:\Users\Peterzxcvbnm\Documents\GitHub\SB4-KOM-F20\AsteroidsNetbeansModuleApplication\application\target\asteroidsnetbeansmoduleapplication\asteroidsnetbeansmoduleapplication\update\download\dk-sdu-mmmi-cbse-Core.nbm:netbeans/modules/ext/dk.sdu.mmmi.cbse.Core/com-badlogicgames-gdx/gdx.jar to C:\Users\Peterzxcvbnm\Documents\GitHub\SB4-KOM-F20\AsteroidsNetbeansModuleApplication\application\target\asteroidsnetbeansmoduleapplication\asteroidsnetbeansmoduleapplication\modules\ext\dk.sdu.mmmi.cbse.Core\com-badlogicgames-gdx\gdx.jar
INFO [org.netbeans.updater]: File installed C:\Users\Peterzxcvbnm\Documents\GitHub\SB4-KOM-F20\AsteroidsNetbeansModuleApplication\application\target\asteroidsnetbeansmoduleapplication\asteroidsnetbeansmoduleapplication\modules\ext\dk.sdu.mmmi.cbse.Core\com-badlogicgames-jlayer\jlayer.jar@0
INFO [org.netbeans.updater]: Copied file C:\Users\Peterzxcvbnm\Documents\GitHub\SB4-KOM-F20\AsteroidsNetbeansModuleApplication\application\target\asteroidsnetbeansmoduleapplication\asteroidsnetbeansmoduleapplication\update\download\dk-sdu-mmmi-cbse-Core.nbm:netbeans/modules/ext/dk.sdu.mmmi.cbse.Core/com-badlogicgames-jlayer/jlayer.jar to C:\Users\Peterzxcvbnm\Documents\GitHub\SB4-KOM-F20\AsteroidsNetbeansModuleApplication\application\target\asteroidsnetbeansmoduleapplication\asteroidsnetbeansmoduleapplication\modules\ext\dk.sdu.mmmi.cbse.Core\com-badlogicgames-jlayer\jlayer.jar
INFO [org.netbeans.updater]: File installed C:\Users\Peterzxcvbnm\Documents\GitHub\SB4-KOM-F20\AsteroidsNetbeansModuleApplication\application\target\asteroidsnetbeansmoduleapplication\asteroidsnetbeansmoduleapplication\modules\ext\dk.sdu.mmmi.cbse.Core\net-java-jinput\jinput.jar@0
INFO [org.netbeans.updater]: Copied file C:\Users\Peterzxcvbnm\Documents\GitHub\SB4-KOM-F20\AsteroidsNetbeansModuleApplication\application\target\asteroidsnetbeansmoduleapplication\asteroidsnetbeansmoduleapplication\update\download\dk-sdu-mmmi-cbse-Core.nbm:netbeans/modules/ext/dk.sdu.mmmi.cbse.Core/net-java-jinput/jinput.jar to C:\Users\Peterzxcvbnm\Documents\GitHub\SB4-KOM-F20\AsteroidsNetbeansModuleApplication\application\target\asteroidsnetbeansmoduleapplication\asteroidsnetbeansmoduleapplication\modules\ext\dk.sdu.mmmi.cbse.Core\net-java-jinput\jinput.jar
INFO [org.netbeans.updater]: File installed C:\Users\Peterzxcvbnm\Documents\GitHub\SB4-KOM-F20\AsteroidsNetbeansModuleApplication\application\target\asteroidsnetbeansmoduleapplication\asteroidsnetbeansmoduleapplication\modules\ext\dk.sdu.mmmi.cbse.Core\net-java-jutils\jutils.jar@0
INFO [org.netbeans.updater]: Copied file C:\Users\Peterzxcvbnm\Documents\GitHub\SB4-KOM-F20\AsteroidsNetbeansModuleApplication\application\target\asteroidsnetbeansmoduleapplication\asteroidsnetbeansmoduleapplication\update\download\dk-sdu-mmmi-cbse-Core.nbm:netbeans/modules/ext/dk.sdu.mmmi.cbse.Core/net-java-jutils/jutils.jar to C:\Users\Peterzxcvbnm\Documents\GitHub\SB4-KOM-F20\AsteroidsNetbeansModuleApplication\application\target\asteroidsnetbeansmoduleapplication\asteroidsnetbeansmoduleapplication\modules\ext\dk.sdu.mmmi.cbse.Core\net-java-jutils\jutils.jar
INFO [org.netbeans.updater]: File installed C:\Users\Peterzxcvbnm\Documents\GitHub\SB4-KOM-F20\AsteroidsNetbeansModuleApplication\application\target\asteroidsnetbeansmoduleapplication\asteroidsnetbeansmoduleapplication\modules\ext\dk.sdu.mmmi.cbse.Core\org-jcraft\jorbis.jar@0
INFO [org.netbeans.updater]: Copied file C:\Users\Peterzxcvbnm\Documents\GitHub\SB4-KOM-F20\AsteroidsNetbeansModuleApplication\application\target\asteroidsnetbeansmoduleapplication\asteroidsnetbeansmoduleapplication\update\download\dk-sdu-mmmi-cbse-Core.nbm:netbeans/modules/ext/dk.sdu.mmmi.cbse.Core/org-jcraft/jorbis.jar to C:\Users\Peterzxcvbnm\Documents\GitHub\SB4-KOM-F20\AsteroidsNetbeansModuleApplication\application\target\asteroidsnetbeansmoduleapplication\asteroidsnetbeansmoduleapplication\modules\ext\dk.sdu.mmmi.cbse.Core\org-jcraft\jorbis.jar
INFO [org.netbeans.updater]: File installed C:\Users\Peterzxcvbnm\Documents\GitHub\SB4-KOM-F20\AsteroidsNetbeansModuleApplication\application\target\asteroidsnetbeansmoduleapplication\asteroidsnetbeansmoduleapplication\modules\ext\dk.sdu.mmmi.cbse.Core\org-lwjgl-lwjgl\lwjgl-platform-natives-linux.jar@0
INFO [org.netbeans.updater]: Copied file C:\Users\Peterzxcvbnm\Documents\GitHub\SB4-KOM-F20\AsteroidsNetbeansModuleApplication\application\target\asteroidsnetbeansmoduleapplication\asteroidsnetbeansmoduleapplication\update\download\dk-sdu-mmmi-cbse-Core.nbm:netbeans/modules/ext/dk.sdu.mmmi.cbse.Core/org-lwjgl-lwjgl/lwjgl-platform-natives-linux.jar to C:\Users\Peterzxcvbnm\Documents\GitHub\SB4-KOM-F20\AsteroidsNetbeansModuleApplication\application\target\asteroidsnetbeansmoduleapplication\asteroidsnetbeansmoduleapplication\modules\ext\dk.sdu.mmmi.cbse.Core\org-lwjgl-lwjgl\lwjgl-platform-natives-linux.jar
INFO [org.netbeans.updater]: File installed C:\Users\Peterzxcvbnm\Documents\GitHub\SB4-KOM-F20\AsteroidsNetbeansModuleApplication\application\target\asteroidsnetbeansmoduleapplication\asteroidsnetbeansmoduleapplication\modules\ext\dk.sdu.mmmi.cbse.Core\org-lwjgl-lwjgl\lwjgl-platform-natives-osx.jar@0
INFO [org.netbeans.updater]: Copied file C:\Users\Peterzxcvbnm\Documents\GitHub\SB4-KOM-F20\AsteroidsNetbeansModuleApplication\application\target\asteroidsnetbeansmoduleapplication\asteroidsnetbeansmoduleapplication\update\download\dk-sdu-mmmi-cbse-Core.nbm:netbeans/modules/ext/dk.sdu.mmmi.cbse.Core/org-lwjgl-lwjgl/lwjgl-platform-natives-osx.jar to C:\Users\Peterzxcvbnm\Documents\GitHub\SB4-KOM-F20\AsteroidsNetbeansModuleApplication\application\target\asteroidsnetbeansmoduleapplication\asteroidsnetbeansmoduleapplication\modules\ext\dk.sdu.mmmi.cbse.Core\org-lwjgl-lwjgl\lwjgl-platform-natives-osx.jar
INFO [org.netbeans.updater]: File installed C:\Users\Peterzxcvbnm\Documents\GitHub\SB4-KOM-F20\AsteroidsNetbeansModuleApplication\application\target\asteroidsnetbeansmoduleapplication\asteroidsnetbeansmoduleapplication\modules\ext\dk.sdu.mmmi.cbse.Core\org-lwjgl-lwjgl\lwjgl-platform-natives-windows.jar@0
INFO [org.netbeans.updater]: Copied file C:\Users\Peterzxcvbnm\Documents\GitHub\SB4-KOM-F20\AsteroidsNetbeansModuleApplication\application\target\asteroidsnetbeansmoduleapplication\asteroidsnetbeansmoduleapplication\update\download\dk-sdu-mmmi-cbse-Core.nbm:netbeans/modules/ext/dk.sdu.mmmi.cbse.Core/org-lwjgl-lwjgl/lwjgl-platform-natives-windows.jar to C:\Users\Peterzxcvbnm\Documents\GitHub\SB4-KOM-F20\AsteroidsNetbeansModuleApplication\application\target\asteroidsnetbeansmoduleapplication\asteroidsnetbeansmoduleapplication\modules\ext\dk.sdu.mmmi.cbse.Core\org-lwjgl-lwjgl\lwjgl-platform-natives-windows.jar
INFO [org.netbeans.updater]: File installed C:\Users\Peterzxcvbnm\Documents\GitHub\SB4-KOM-F20\AsteroidsNetbeansModuleApplication\application\target\asteroidsnetbeansmoduleapplication\asteroidsnetbeansmoduleapplication\modules\ext\dk.sdu.mmmi.cbse.Core\org-lwjgl-lwjgl\lwjgl.jar@0
INFO [org.netbeans.updater]: Copied file C:\Users\Peterzxcvbnm\Documents\GitHub\SB4-KOM-F20\AsteroidsNetbeansModuleApplication\application\target\asteroidsnetbeansmoduleapplication\asteroidsnetbeansmoduleapplication\update\download\dk-sdu-mmmi-cbse-Core.nbm:netbeans/modules/ext/dk.sdu.mmmi.cbse.Core/org-lwjgl-lwjgl/lwjgl.jar to C:\Users\Peterzxcvbnm\Documents\GitHub\SB4-KOM-F20\AsteroidsNetbeansModuleApplication\application\target\asteroidsnetbeansmoduleapplication\asteroidsnetbeansmoduleapplication\modules\ext\dk.sdu.mmmi.cbse.Core\org-lwjgl-lwjgl\lwjgl.jar
INFO [org.netbeans.updater]: File installed C:\Users\Peterzxcvbnm\Documents\GitHub\SB4-KOM-F20\AsteroidsNetbeansModuleApplication\application\target\asteroidsnetbeansmoduleapplication\asteroidsnetbeansmoduleapplication\modules\ext\dk.sdu.mmmi.cbse.Core\org-lwjgl-lwjgl\lwjgl_util.jar@0
INFO [org.netbeans.updater]: Copied file C:\Users\Peterzxcvbnm\Documents\GitHub\SB4-KOM-F20\AsteroidsNetbeansModuleApplication\application\target\asteroidsnetbeansmoduleapplication\asteroidsnetbeansmoduleapplication\update\download\dk-sdu-mmmi-cbse-Core.nbm:netbeans/modules/ext/dk.sdu.mmmi.cbse.Core/org-lwjgl-lwjgl/lwjgl_util.jar to C:\Users\Peterzxcvbnm\Documents\GitHub\SB4-KOM-F20\AsteroidsNetbeansModuleApplication\application\target\asteroidsnetbeansmoduleapplication\asteroidsnetbeansmoduleapplication\modules\ext\dk.sdu.mmmi.cbse.Core\org-lwjgl-lwjgl\lwjgl_util.jar
INFO [org.netbeans.updater]: File C:\Users\Peterzxcvbnm\Documents\GitHub\SB4-KOM-F20\AsteroidsNetbeansModuleApplication\application\target\asteroidsnetbeansmoduleapplication\asteroidsnetbeansmoduleapplication\update\download\dk-sdu-mmmi-cbse-Core.nbm deleted.
INFO [org.netbeans.updater]: Use XML Transformer: com.sun.org.apache.xalan.internal.xsltc.trax.TransformerImpl@5b8f4e13
INFO [org.netbeans.updater]: File C:\Users\Peterzxcvbnm\Documents\GitHub\SB4-KOM-F20\AsteroidsNetbeansModuleApplication\application\target\asteroidsnetbeansmoduleapplication\asteroidsnetbeansmoduleapplication\update_tracking\dk-sdu-mmmi-cbse-Core.xml modified.
INFO [org.netbeans.updater]: File installed C:\Users\Peterzxcvbnm\Documents\GitHub\SB4-KOM-F20\AsteroidsNetbeansModuleApplication\application\target\asteroidsnetbeansmoduleapplication\asteroidsnetbeansmoduleapplication\update_tracking\dk-sdu-mmmi-cbse-Core.xml@0
INFO [org.netbeans.updater]: 780: Unpacking dk-sdu-mmmi-cbse-Player.nbm
INFO [org.netbeans.updater]: File installed C:\Users\Peterzxcvbnm\Documents\GitHub\SB4-KOM-F20\AsteroidsNetbeansModuleApplication\application\target\asteroidsnetbeansmoduleapplication\asteroidsnetbeansmoduleapplication\config\Modules\dk-sdu-mmmi-cbse-Player.xml@0
INFO [org.netbeans.updater]: Copied file C:\Users\Peterzxcvbnm\Documents\GitHub\SB4-KOM-F20\AsteroidsNetbeansModuleApplication\application\target\asteroidsnetbeansmoduleapplication\asteroidsnetbeansmoduleapplication\update\download\dk-sdu-mmmi-cbse-Player.nbm:netbeans/config/Modules/dk-sdu-mmmi-cbse-Player.xml to C:\Users\Peterzxcvbnm\Documents\GitHub\SB4-KOM-F20\AsteroidsNetbeansModuleApplication\application\target\asteroidsnetbeansmoduleapplication\asteroidsnetbeansmoduleapplication\config\Modules\dk-sdu-mmmi-cbse-Player.xml
INFO [org.netbeans.updater]: File installed C:\Users\Peterzxcvbnm\Documents\GitHub\SB4-KOM-F20\AsteroidsNetbeansModuleApplication\application\target\asteroidsnetbeansmoduleapplication\asteroidsnetbeansmoduleapplication\modules\dk-sdu-mmmi-cbse-Player.jar@0
INFO [org.netbeans.updater]: Copied file C:\Users\Peterzxcvbnm\Documents\GitHub\SB4-KOM-F20\AsteroidsNetbeansModuleApplication\application\target\asteroidsnetbeansmoduleapplication\asteroidsnetbeansmoduleapplication\update\download\dk-sdu-mmmi-cbse-Player.nbm:netbeans/modules/dk-sdu-mmmi-cbse-Player.jar to C:\Users\Peterzxcvbnm\Documents\GitHub\SB4-KOM-F20\AsteroidsNetbeansModuleApplication\application\target\asteroidsnetbeansmoduleapplication\asteroidsnetbeansmoduleapplication\modules\dk-sdu-mmmi-cbse-Player.jar
INFO [org.netbeans.updater]: File C:\Users\Peterzxcvbnm\Documents\GitHub\SB4-KOM-F20\AsteroidsNetbeansModuleApplication\application\target\asteroidsnetbeansmoduleapplication\asteroidsnetbeansmoduleapplication\update\download\dk-sdu-mmmi-cbse-Player.nbm deleted.
INFO [org.netbeans.updater]: Use XML Transformer: com.sun.org.apache.xalan.internal.xsltc.trax.TransformerImpl@1878c4be
INFO [org.netbeans.updater]: File C:\Users\Peterzxcvbnm\Documents\GitHub\SB4-KOM-F20\AsteroidsNetbeansModuleApplication\application\target\asteroidsnetbeansmoduleapplication\asteroidsnetbeansmoduleapplication\update_tracking\dk-sdu-mmmi-cbse-Player.xml modified.
INFO [org.netbeans.updater]: File installed C:\Users\Peterzxcvbnm\Documents\GitHub\SB4-KOM-F20\AsteroidsNetbeansModuleApplication\application\target\asteroidsnetbeansmoduleapplication\asteroidsnetbeansmoduleapplication\update_tracking\dk-sdu-mmmi-cbse-Player.xml@0
INFO [org.netbeans.updater]: 780: Unpacking dk-sdu-mmmi-cbse-Enemy.nbm
INFO [org.netbeans.updater]: File installed C:\Users\Peterzxcvbnm\Documents\GitHub\SB4-KOM-F20\AsteroidsNetbeansModuleApplication\application\target\asteroidsnetbeansmoduleapplication\asteroidsnetbeansmoduleapplication\config\Modules\dk-sdu-mmmi-cbse-Enemy.xml@0
INFO [org.netbeans.updater]: Copied file C:\Users\Peterzxcvbnm\Documents\GitHub\SB4-KOM-F20\AsteroidsNetbeansModuleApplication\application\target\asteroidsnetbeansmoduleapplication\asteroidsnetbeansmoduleapplication\update\download\dk-sdu-mmmi-cbse-Enemy.nbm:netbeans/config/Modules/dk-sdu-mmmi-cbse-Enemy.xml to C:\Users\Peterzxcvbnm\Documents\GitHub\SB4-KOM-F20\AsteroidsNetbeansModuleApplication\application\target\asteroidsnetbeansmoduleapplication\asteroidsnetbeansmoduleapplication\config\Modules\dk-sdu-mmmi-cbse-Enemy.xml
INFO [org.netbeans.updater]: File installed C:\Users\Peterzxcvbnm\Documents\GitHub\SB4-KOM-F20\AsteroidsNetbeansModuleApplication\application\target\asteroidsnetbeansmoduleapplication\asteroidsnetbeansmoduleapplication\modules\dk-sdu-mmmi-cbse-Enemy.jar@0
INFO [org.netbeans.updater]: Copied file C:\Users\Peterzxcvbnm\Documents\GitHub\SB4-KOM-F20\AsteroidsNetbeansModuleApplication\application\target\asteroidsnetbeansmoduleapplication\asteroidsnetbeansmoduleapplication\update\download\dk-sdu-mmmi-cbse-Enemy.nbm:netbeans/modules/dk-sdu-mmmi-cbse-Enemy.jar to C:\Users\Peterzxcvbnm\Documents\GitHub\SB4-KOM-F20\AsteroidsNetbeansModuleApplication\application\target\asteroidsnetbeansmoduleapplication\asteroidsnetbeansmoduleapplication\modules\dk-sdu-mmmi-cbse-Enemy.jar
INFO [org.netbeans.updater]: File C:\Users\Peterzxcvbnm\Documents\GitHub\SB4-KOM-F20\AsteroidsNetbeansModuleApplication\application\target\asteroidsnetbeansmoduleapplication\asteroidsnetbeansmoduleapplication\update\download\dk-sdu-mmmi-cbse-Enemy.nbm deleted.
INFO [org.netbeans.updater]: Use XML Transformer: com.sun.org.apache.xalan.internal.xsltc.trax.TransformerImpl@5245e47
INFO [org.netbeans.updater]: File C:\Users\Peterzxcvbnm\Documents\GitHub\SB4-KOM-F20\AsteroidsNetbeansModuleApplication\application\target\asteroidsnetbeansmoduleapplication\asteroidsnetbeansmoduleapplication\update_tracking\dk-sdu-mmmi-cbse-Enemy.xml modified.
INFO [org.netbeans.updater]: File installed C:\Users\Peterzxcvbnm\Documents\GitHub\SB4-KOM-F20\AsteroidsNetbeansModuleApplication\application\target\asteroidsnetbeansmoduleapplication\asteroidsnetbeansmoduleapplication\update_tracking\dk-sdu-mmmi-cbse-Enemy.xml@0
INFO [org.netbeans.updater]: 780: Unpacking dk-sdu-mmmi-cbse-Asteroid.nbm
INFO [org.netbeans.updater]: File installed C:\Users\Peterzxcvbnm\Documents\GitHub\SB4-KOM-F20\AsteroidsNetbeansModuleApplication\application\target\asteroidsnetbeansmoduleapplication\asteroidsnetbeansmoduleapplication\config\Modules\dk-sdu-mmmi-cbse-Asteroid.xml@0
INFO [org.netbeans.updater]: Copied file C:\Users\Peterzxcvbnm\Documents\GitHub\SB4-KOM-F20\AsteroidsNetbeansModuleApplication\application\target\asteroidsnetbeansmoduleapplication\asteroidsnetbeansmoduleapplication\update\download\dk-sdu-mmmi-cbse-Asteroid.nbm:netbeans/config/Modules/dk-sdu-mmmi-cbse-Asteroid.xml to C:\Users\Peterzxcvbnm\Documents\GitHub\SB4-KOM-F20\AsteroidsNetbeansModuleApplication\application\target\asteroidsnetbeansmoduleapplication\asteroidsnetbeansmoduleapplication\config\Modules\dk-sdu-mmmi-cbse-Asteroid.xml
INFO [org.netbeans.updater]: File installed C:\Users\Peterzxcvbnm\Documents\GitHub\SB4-KOM-F20\AsteroidsNetbeansModuleApplication\application\target\asteroidsnetbeansmoduleapplication\asteroidsnetbeansmoduleapplication\modules\dk-sdu-mmmi-cbse-Asteroid.jar@0
INFO [org.netbeans.updater]: Copied file C:\Users\Peterzxcvbnm\Documents\GitHub\SB4-KOM-F20\AsteroidsNetbeansModuleApplication\application\target\asteroidsnetbeansmoduleapplication\asteroidsnetbeansmoduleapplication\update\download\dk-sdu-mmmi-cbse-Asteroid.nbm:netbeans/modules/dk-sdu-mmmi-cbse-Asteroid.jar to C:\Users\Peterzxcvbnm\Documents\GitHub\SB4-KOM-F20\AsteroidsNetbeansModuleApplication\application\target\asteroidsnetbeansmoduleapplication\asteroidsnetbeansmoduleapplication\modules\dk-sdu-mmmi-cbse-Asteroid.jar
INFO [org.netbeans.updater]: File C:\Users\Peterzxcvbnm\Documents\GitHub\SB4-KOM-F20\AsteroidsNetbeansModuleApplication\application\target\asteroidsnetbeansmoduleapplication\asteroidsnetbeansmoduleapplication\update\download\dk-sdu-mmmi-cbse-Asteroid.nbm deleted.
INFO [org.netbeans.updater]: Use XML Transformer: com.sun.org.apache.xalan.internal.xsltc.trax.TransformerImpl@58fbf729
INFO [org.netbeans.updater]: File C:\Users\Peterzxcvbnm\Documents\GitHub\SB4-KOM-F20\AsteroidsNetbeansModuleApplication\application\target\asteroidsnetbeansmoduleapplication\asteroidsnetbeansmoduleapplication\update_tracking\dk-sdu-mmmi-cbse-Asteroid.xml modified.
INFO [org.netbeans.updater]: File installed C:\Users\Peterzxcvbnm\Documents\GitHub\SB4-KOM-F20\AsteroidsNetbeansModuleApplication\application\target\asteroidsnetbeansmoduleapplication\asteroidsnetbeansmoduleapplication\update_tracking\dk-sdu-mmmi-cbse-Asteroid.xml@0
INFO [org.netbeans.updater]: 780: Unpacking dk-sdu-mmmi-cbse-CollisionHandler.nbm
INFO [org.netbeans.updater]: File installed C:\Users\Peterzxcvbnm\Documents\GitHub\SB4-KOM-F20\AsteroidsNetbeansModuleApplication\application\target\asteroidsnetbeansmoduleapplication\asteroidsnetbeansmoduleapplication\config\Modules\dk-sdu-mmmi-cbse-CollisionHandler.xml@0
INFO [org.netbeans.updater]: Copied file C:\Users\Peterzxcvbnm\Documents\GitHub\SB4-KOM-F20\AsteroidsNetbeansModuleApplication\application\target\asteroidsnetbeansmoduleapplication\asteroidsnetbeansmoduleapplication\update\download\dk-sdu-mmmi-cbse-CollisionHandler.nbm:netbeans/config/Modules/dk-sdu-mmmi-cbse-CollisionHandler.xml to C:\Users\Peterzxcvbnm\Documents\GitHub\SB4-KOM-F20\AsteroidsNetbeansModuleApplication\application\target\asteroidsnetbeansmoduleapplication\asteroidsnetbeansmoduleapplication\config\Modules\dk-sdu-mmmi-cbse-CollisionHandler.xml
INFO [org.netbeans.updater]: File installed C:\Users\Peterzxcvbnm\Documents\GitHub\SB4-KOM-F20\AsteroidsNetbeansModuleApplication\application\target\asteroidsnetbeansmoduleapplication\asteroidsnetbeansmoduleapplication\modules\dk-sdu-mmmi-cbse-CollisionHandler.jar@0
INFO [org.netbeans.updater]: Copied file C:\Users\Peterzxcvbnm\Documents\GitHub\SB4-KOM-F20\AsteroidsNetbeansModuleApplication\application\target\asteroidsnetbeansmoduleapplication\asteroidsnetbeansmoduleapplication\update\download\dk-sdu-mmmi-cbse-CollisionHandler.nbm:netbeans/modules/dk-sdu-mmmi-cbse-CollisionHandler.jar to C:\Users\Peterzxcvbnm\Documents\GitHub\SB4-KOM-F20\AsteroidsNetbeansModuleApplication\application\target\asteroidsnetbeansmoduleapplication\asteroidsnetbeansmoduleapplication\modules\dk-sdu-mmmi-cbse-CollisionHandler.jar
INFO [org.netbeans.updater]: File C:\Users\Peterzxcvbnm\Documents\GitHub\SB4-KOM-F20\AsteroidsNetbeansModuleApplication\application\target\asteroidsnetbeansmoduleapplication\asteroidsnetbeansmoduleapplication\update\download\dk-sdu-mmmi-cbse-CollisionHandler.nbm deleted.
INFO [org.netbeans.updater]: Use XML Transformer: com.sun.org.apache.xalan.internal.xsltc.trax.TransformerImpl@184937bb
INFO [org.netbeans.updater]: File C:\Users\Peterzxcvbnm\Documents\GitHub\SB4-KOM-F20\AsteroidsNetbeansModuleApplication\application\target\asteroidsnetbeansmoduleapplication\asteroidsnetbeansmoduleapplication\update_tracking\dk-sdu-mmmi-cbse-CollisionHandler.xml modified.
INFO [org.netbeans.updater]: File installed C:\Users\Peterzxcvbnm\Documents\GitHub\SB4-KOM-F20\AsteroidsNetbeansModuleApplication\application\target\asteroidsnetbeansmoduleapplication\asteroidsnetbeansmoduleapplication\update_tracking\dk-sdu-mmmi-cbse-CollisionHandler.xml@0
INFO [org.netbeans.updater]: 780: Unpacking dk-sdu-mmmi-cbse-Common.nbm
INFO [org.netbeans.updater]: File installed C:\Users\Peterzxcvbnm\Documents\GitHub\SB4-KOM-F20\AsteroidsNetbeansModuleApplication\application\target\userdir\config\Modules\dk-sdu-mmmi-cbse-Common.xml@0
INFO [org.netbeans.updater]: Copied file C:\Users\Peterzxcvbnm\Documents\GitHub\SB4-KOM-F20\AsteroidsNetbeansModuleApplication\application\target\userdir\update\download\dk-sdu-mmmi-cbse-Common.nbm:netbeans/config/Modules/dk-sdu-mmmi-cbse-Common.xml to C:\Users\Peterzxcvbnm\Documents\GitHub\SB4-KOM-F20\AsteroidsNetbeansModuleApplication\application\target\userdir\config\Modules\dk-sdu-mmmi-cbse-Common.xml
INFO [org.netbeans.updater]: File installed C:\Users\Peterzxcvbnm\Documents\GitHub\SB4-KOM-F20\AsteroidsNetbeansModuleApplication\application\target\userdir\modules\dk-sdu-mmmi-cbse-Common.jar@0
INFO [org.netbeans.updater]: Copied file C:\Users\Peterzxcvbnm\Documents\GitHub\SB4-KOM-F20\AsteroidsNetbeansModuleApplication\application\target\userdir\update\download\dk-sdu-mmmi-cbse-Common.nbm:netbeans/modules/dk-sdu-mmmi-cbse-Common.jar to C:\Users\Peterzxcvbnm\Documents\GitHub\SB4-KOM-F20\AsteroidsNetbeansModuleApplication\application\target\userdir\modules\dk-sdu-mmmi-cbse-Common.jar
INFO [org.netbeans.updater]: File C:\Users\Peterzxcvbnm\Documents\GitHub\SB4-KOM-F20\AsteroidsNetbeansModuleApplication\application\target\userdir\update\download\dk-sdu-mmmi-cbse-Common.nbm deleted.
INFO [org.netbeans.updater]: Use XML Transformer: com.sun.org.apache.xalan.internal.xsltc.trax.TransformerImpl@3881b7ca
INFO [org.netbeans.updater]: File C:\Users\Peterzxcvbnm\Documents\GitHub\SB4-KOM-F20\AsteroidsNetbeansModuleApplication\application\target\userdir\update_tracking\dk-sdu-mmmi-cbse-Common.xml modified.
INFO [org.netbeans.updater]: File installed C:\Users\Peterzxcvbnm\Documents\GitHub\SB4-KOM-F20\AsteroidsNetbeansModuleApplication\application\target\userdir\update_tracking\dk-sdu-mmmi-cbse-Common.xml@0
INFO [org.netbeans.updater]: File C:\Users\Peterzxcvbnm\Documents\GitHub\SB4-KOM-F20\AsteroidsNetbeansModuleApplication\application\target\userdir\update\download\additional_information.xml deleted.
INFO [org.netbeans.updater]: File C:\Users\Peterzxcvbnm\Documents\GitHub\SB4-KOM-F20\AsteroidsNetbeansModuleApplication\application\target\asteroidsnetbeansmoduleapplication\asteroidsnetbeansmoduleapplication\update\download\additional_information.xml deleted.
INFO [org.netbeans.modules.autoupdate.silentupdate]: Install new modules done.
Turning on modules...
Loading module services...
Loading modules...
Starting modules...
INFO [org.netbeans.core.startup.NbEvents]: Turning on modules:
	dk.sdu.mmmi.cbse.Common [1.0 1.0-20200305 202003050731]
	dk.sdu.mmmi.cbse.Player [1.0 1.0-20200305 202003050732]
	dk.sdu.mmmi.cbse.Enemy [1.0 1.0-20200305 202003050732]
	dk.sdu.mmmi.cbse.Core [1.0 1.0-20200305 202003050732]
	dk.sdu.mmmi.cbse.CollisionHandler [1.0 1.0-20200305 202003050732]
	dk.sdu.mmmi.cbse.Bullet [1.0 1.0-20200305 202003050732]
	dk.sdu.mmmi.cbse.Asteroid [1.0 1.0-20200305 202003050732]
Turning on modules...done.
INFO [org.netbeans.modules.autoupdate.silentupdate]: None for update/install/uninstall
INFO [null]: Last record repeated 2 more times.
INFO [null]: Last record repeated again.
INFO [null]: Last record repeated 2 more times.
INFO [null]: Last record repeated 2 more times.
INFO [null]: Last record repeated 2 more times.
